DEB [20230708-10:59:27.336] thr=1   paramiko.transport: starting thread (client mode): 0x6b212590
DEB [20230708-10:59:27.337] thr=1   paramiko.transport: Local version/idstring: SSH-2.0-paramiko_3.2.0
DEB [20230708-10:59:27.337] thr=1   paramiko.transport: Remote version/idstring: SSH-2.0-dropbear
INF [20230708-10:59:27.337] thr=1   paramiko.transport: Connected (version 2.0, client dropbear)
DEB [20230708-10:59:27.338] thr=1   paramiko.transport: === Key exchange possibilities ===
DEB [20230708-10:59:27.338] thr=1   paramiko.transport: kex algos: curve25519-sha256, curve25519-sha256@libssh.org, diffie-hellman-group14-sha256, diffie-hellman-group14-sha1, kexguess2@matt.ucc.asn.au
DEB [20230708-10:59:27.338] thr=1   paramiko.transport: server key: ssh-rsa
DEB [20230708-10:59:27.338] thr=1   paramiko.transport: client encrypt: aes128-ctr, aes256-ctr
DEB [20230708-10:59:27.338] thr=1   paramiko.transport: server encrypt: aes128-ctr, aes256-ctr
DEB [20230708-10:59:27.338] thr=1   paramiko.transport: client mac: hmac-sha1, hmac-sha2-256
DEB [20230708-10:59:27.338] thr=1   paramiko.transport: server mac: hmac-sha1, hmac-sha2-256
DEB [20230708-10:59:27.338] thr=1   paramiko.transport: client compress: none
DEB [20230708-10:59:27.338] thr=1   paramiko.transport: server compress: none
DEB [20230708-10:59:27.338] thr=1   paramiko.transport: client lang: <none>
DEB [20230708-10:59:27.339] thr=1   paramiko.transport: server lang: <none>
DEB [20230708-10:59:27.339] thr=1   paramiko.transport: kex follows: False
DEB [20230708-10:59:27.339] thr=1   paramiko.transport: === Key exchange agreements ===
DEB [20230708-10:59:27.339] thr=1   paramiko.transport: Kex: curve25519-sha256@libssh.org
DEB [20230708-10:59:27.339] thr=1   paramiko.transport: HostKey: ssh-rsa
DEB [20230708-10:59:27.339] thr=1   paramiko.transport: Cipher: aes128-ctr
DEB [20230708-10:59:27.339] thr=1   paramiko.transport: MAC: hmac-sha2-256
DEB [20230708-10:59:27.339] thr=1   paramiko.transport: Compression: none
DEB [20230708-10:59:27.339] thr=1   paramiko.transport: === End of kex handshake ===
DEB [20230708-10:59:27.356] thr=1   paramiko.transport: kex engine KexCurve25519 specified hash_algo <built-in function openssl_sha256>
DEB [20230708-10:59:27.356] thr=1   paramiko.transport: Switch to new keys ...
DEB [20230708-10:59:27.358] thr=2   paramiko.transport: Adding ssh-rsa host key for 192.168.31.15: b'56e5ced05105f5fe70b01156555c4b72'
DEB [20230708-10:59:27.417] thr=1   paramiko.transport: userauth is OK
INF [20230708-10:59:27.419] thr=1   paramiko.transport: Authentication (password) successful!
DEB [20230708-10:59:27.419] thr=2   paramiko.transport: [chan 0] Max packet in: 32768 bytes
DEB [20230708-10:59:27.420] thr=1   paramiko.transport: [chan 0] Max packet out: 32759 bytes
DEB [20230708-10:59:27.421] thr=1   paramiko.transport: Secsh channel 0 opened.
DEB [20230708-10:59:27.422] thr=1   paramiko.transport: [chan 0] Sesch channel 0 request ok
DEB [20230708-10:59:27.425] thr=1   paramiko.transport: [chan 0] EOF received (0)
DEB [20230708-10:59:27.425] thr=1   paramiko.transport: [chan 0] EOF sent (0)
DEB [20230708-11:02:45.389] thr=1   paramiko.transport: starting thread (client mode): 0x7bb8e90
DEB [20230708-11:02:45.390] thr=1   paramiko.transport: Local version/idstring: SSH-2.0-paramiko_3.2.0
DEB [20230708-11:02:45.392] thr=1   paramiko.transport: Remote version/idstring: SSH-2.0-dropbear
INF [20230708-11:02:45.392] thr=1   paramiko.transport: Connected (version 2.0, client dropbear)
DEB [20230708-11:02:45.393] thr=1   paramiko.transport: === Key exchange possibilities ===
DEB [20230708-11:02:45.394] thr=1   paramiko.transport: kex algos: curve25519-sha256, curve25519-sha256@libssh.org, diffie-hellman-group14-sha256, diffie-hellman-group14-sha1, kexguess2@matt.ucc.asn.au
DEB [20230708-11:02:45.394] thr=1   paramiko.transport: server key: ssh-rsa
DEB [20230708-11:02:45.394] thr=1   paramiko.transport: client encrypt: aes128-ctr, aes256-ctr
DEB [20230708-11:02:45.394] thr=1   paramiko.transport: server encrypt: aes128-ctr, aes256-ctr
DEB [20230708-11:02:45.395] thr=1   paramiko.transport: client mac: hmac-sha1, hmac-sha2-256
DEB [20230708-11:02:45.395] thr=1   paramiko.transport: server mac: hmac-sha1, hmac-sha2-256
DEB [20230708-11:02:45.395] thr=1   paramiko.transport: client compress: none
DEB [20230708-11:02:45.395] thr=1   paramiko.transport: server compress: none
DEB [20230708-11:02:45.395] thr=1   paramiko.transport: client lang: <none>
DEB [20230708-11:02:45.396] thr=1   paramiko.transport: server lang: <none>
DEB [20230708-11:02:45.396] thr=1   paramiko.transport: kex follows: False
DEB [20230708-11:02:45.396] thr=1   paramiko.transport: === Key exchange agreements ===
DEB [20230708-11:02:45.397] thr=1   paramiko.transport: Kex: curve25519-sha256@libssh.org
DEB [20230708-11:02:45.397] thr=1   paramiko.transport: HostKey: ssh-rsa
DEB [20230708-11:02:45.397] thr=1   paramiko.transport: Cipher: aes128-ctr
DEB [20230708-11:02:45.397] thr=1   paramiko.transport: MAC: hmac-sha2-256
DEB [20230708-11:02:45.397] thr=1   paramiko.transport: Compression: none
DEB [20230708-11:02:45.397] thr=1   paramiko.transport: === End of kex handshake ===
DEB [20230708-11:02:45.434] thr=1   paramiko.transport: kex engine KexCurve25519 specified hash_algo <built-in function openssl_sha256>
DEB [20230708-11:02:45.435] thr=1   paramiko.transport: Switch to new keys ...
DEB [20230708-11:02:45.436] thr=2   paramiko.transport: Adding ssh-rsa host key for 192.168.31.15: b'56e5ced05105f5fe70b01156555c4b72'
DEB [20230708-11:02:45.496] thr=1   paramiko.transport: userauth is OK
INF [20230708-11:02:45.500] thr=1   paramiko.transport: Authentication (password) successful!
DEB [20230708-11:02:45.500] thr=2   paramiko.transport: [chan 0] Max packet in: 32768 bytes
DEB [20230708-11:02:45.503] thr=1   paramiko.transport: [chan 0] Max packet out: 32759 bytes
DEB [20230708-11:02:45.503] thr=1   paramiko.transport: Secsh channel 0 opened.
DEB [20230708-11:02:45.506] thr=1   paramiko.transport: [chan 0] Sesch channel 0 request ok
DEB [20230708-11:02:45.510] thr=1   paramiko.transport: [chan 0] EOF received (0)
DEB [20230708-11:02:45.511] thr=1   paramiko.transport: [chan 0] EOF sent (0)
DEB [20230708-11:02:45.544] thr=1   paramiko.transport: EOF in transport thread
DEB [20230708-11:04:10.128] thr=1   paramiko.transport: starting thread (client mode): 0x76298e90
DEB [20230708-11:04:10.130] thr=1   paramiko.transport: Local version/idstring: SSH-2.0-paramiko_3.2.0
DEB [20230708-11:04:10.139] thr=1   paramiko.transport: Remote version/idstring: SSH-2.0-dropbear
INF [20230708-11:04:10.139] thr=1   paramiko.transport: Connected (version 2.0, client dropbear)
DEB [20230708-11:04:10.141] thr=1   paramiko.transport: === Key exchange possibilities ===
DEB [20230708-11:04:10.142] thr=1   paramiko.transport: kex algos: curve25519-sha256, curve25519-sha256@libssh.org, diffie-hellman-group14-sha256, diffie-hellman-group14-sha1, kexguess2@matt.ucc.asn.au
DEB [20230708-11:04:10.142] thr=1   paramiko.transport: server key: ssh-rsa
DEB [20230708-11:04:10.143] thr=1   paramiko.transport: client encrypt: aes128-ctr, aes256-ctr
DEB [20230708-11:04:10.143] thr=1   paramiko.transport: server encrypt: aes128-ctr, aes256-ctr
DEB [20230708-11:04:10.143] thr=1   paramiko.transport: client mac: hmac-sha1, hmac-sha2-256
DEB [20230708-11:04:10.144] thr=1   paramiko.transport: server mac: hmac-sha1, hmac-sha2-256
DEB [20230708-11:04:10.144] thr=1   paramiko.transport: client compress: none
DEB [20230708-11:04:10.144] thr=1   paramiko.transport: server compress: none
DEB [20230708-11:04:10.145] thr=1   paramiko.transport: client lang: <none>
DEB [20230708-11:04:10.145] thr=1   paramiko.transport: server lang: <none>
DEB [20230708-11:04:10.145] thr=1   paramiko.transport: kex follows: False
DEB [20230708-11:04:10.146] thr=1   paramiko.transport: === Key exchange agreements ===
DEB [20230708-11:04:10.146] thr=1   paramiko.transport: Kex: curve25519-sha256@libssh.org
DEB [20230708-11:04:10.146] thr=1   paramiko.transport: HostKey: ssh-rsa
DEB [20230708-11:04:10.147] thr=1   paramiko.transport: Cipher: aes128-ctr
DEB [20230708-11:04:10.147] thr=1   paramiko.transport: MAC: hmac-sha2-256
DEB [20230708-11:04:10.148] thr=1   paramiko.transport: Compression: none
DEB [20230708-11:04:10.148] thr=1   paramiko.transport: === End of kex handshake ===
DEB [20230708-11:04:10.242] thr=1   paramiko.transport: kex engine KexCurve25519 specified hash_algo <built-in function openssl_sha256>
DEB [20230708-11:04:10.243] thr=1   paramiko.transport: Switch to new keys ...
DEB [20230708-11:04:10.244] thr=2   paramiko.transport: Adding ssh-rsa host key for 192.168.31.15: b'56e5ced05105f5fe70b01156555c4b72'
DEB [20230708-11:04:10.292] thr=1   paramiko.transport: userauth is OK
INF [20230708-11:04:10.297] thr=1   paramiko.transport: Authentication (password) successful!
DEB [20230708-11:04:10.298] thr=2   paramiko.transport: [chan 0] Max packet in: 32768 bytes
DEB [20230708-11:04:10.302] thr=1   paramiko.transport: [chan 0] Max packet out: 32759 bytes
DEB [20230708-11:04:10.302] thr=1   paramiko.transport: Secsh channel 0 opened.
DEB [20230708-11:04:10.305] thr=1   paramiko.transport: [chan 0] Sesch channel 0 request ok
DEB [20230708-11:04:10.314] thr=1   paramiko.transport: [chan 0] EOF received (0)
DEB [20230708-11:04:10.315] thr=1   paramiko.transport: [chan 0] EOF sent (0)
DEB [20230708-11:04:27.793] thr=1   paramiko.transport: starting thread (client mode): 0xc6608e90
DEB [20230708-11:04:27.794] thr=1   paramiko.transport: Local version/idstring: SSH-2.0-paramiko_3.2.0
DEB [20230708-11:04:27.795] thr=1   paramiko.transport: Remote version/idstring: SSH-2.0-dropbear
INF [20230708-11:04:27.796] thr=1   paramiko.transport: Connected (version 2.0, client dropbear)
DEB [20230708-11:04:27.797] thr=1   paramiko.transport: === Key exchange possibilities ===
DEB [20230708-11:04:27.797] thr=1   paramiko.transport: kex algos: curve25519-sha256, curve25519-sha256@libssh.org, diffie-hellman-group14-sha256, diffie-hellman-group14-sha1, kexguess2@matt.ucc.asn.au
DEB [20230708-11:04:27.799] thr=1   paramiko.transport: server key: ssh-rsa
DEB [20230708-11:04:27.799] thr=1   paramiko.transport: client encrypt: aes128-ctr, aes256-ctr
DEB [20230708-11:04:27.799] thr=1   paramiko.transport: server encrypt: aes128-ctr, aes256-ctr
DEB [20230708-11:04:27.800] thr=1   paramiko.transport: client mac: hmac-sha1, hmac-sha2-256
DEB [20230708-11:04:27.800] thr=1   paramiko.transport: server mac: hmac-sha1, hmac-sha2-256
DEB [20230708-11:04:27.800] thr=1   paramiko.transport: client compress: none
DEB [20230708-11:04:27.800] thr=1   paramiko.transport: server compress: none
DEB [20230708-11:04:27.800] thr=1   paramiko.transport: client lang: <none>
DEB [20230708-11:04:27.801] thr=1   paramiko.transport: server lang: <none>
DEB [20230708-11:04:27.801] thr=1   paramiko.transport: kex follows: False
DEB [20230708-11:04:27.801] thr=1   paramiko.transport: === Key exchange agreements ===
DEB [20230708-11:04:27.801] thr=1   paramiko.transport: Kex: curve25519-sha256@libssh.org
DEB [20230708-11:04:27.802] thr=1   paramiko.transport: HostKey: ssh-rsa
DEB [20230708-11:04:27.802] thr=1   paramiko.transport: Cipher: aes128-ctr
DEB [20230708-11:04:27.802] thr=1   paramiko.transport: MAC: hmac-sha2-256
DEB [20230708-11:04:27.802] thr=1   paramiko.transport: Compression: none
DEB [20230708-11:04:27.802] thr=1   paramiko.transport: === End of kex handshake ===
DEB [20230708-11:04:27.846] thr=1   paramiko.transport: kex engine KexCurve25519 specified hash_algo <built-in function openssl_sha256>
DEB [20230708-11:04:27.847] thr=1   paramiko.transport: Switch to new keys ...
DEB [20230708-11:04:27.849] thr=2   paramiko.transport: Adding ssh-rsa host key for 192.168.31.15: b'56e5ced05105f5fe70b01156555c4b72'
DEB [20230708-11:04:27.891] thr=1   paramiko.transport: userauth is OK
INF [20230708-11:04:27.896] thr=1   paramiko.transport: Authentication (password) successful!
DEB [20230708-11:04:27.897] thr=2   paramiko.transport: [chan 0] Max packet in: 32768 bytes
DEB [20230708-11:04:27.900] thr=1   paramiko.transport: [chan 0] Max packet out: 32759 bytes
DEB [20230708-11:04:27.901] thr=1   paramiko.transport: Secsh channel 0 opened.
DEB [20230708-11:04:27.905] thr=1   paramiko.transport: [chan 0] Sesch channel 0 request ok
DEB [20230708-11:04:27.914] thr=1   paramiko.transport: [chan 0] EOF received (0)
DEB [20230708-11:04:27.914] thr=1   paramiko.transport: [chan 0] EOF sent (0)
DEB [20230708-11:04:27.925] thr=1   paramiko.transport: EOF in transport thread
DEB [20230708-11:05:20.454] thr=1   paramiko.transport: starting thread (client mode): 0x1be68e90
DEB [20230708-11:05:20.456] thr=1   paramiko.transport: Local version/idstring: SSH-2.0-paramiko_3.2.0
DEB [20230708-11:05:20.457] thr=1   paramiko.transport: Remote version/idstring: SSH-2.0-dropbear
INF [20230708-11:05:20.457] thr=1   paramiko.transport: Connected (version 2.0, client dropbear)
DEB [20230708-11:05:20.460] thr=1   paramiko.transport: === Key exchange possibilities ===
DEB [20230708-11:05:20.460] thr=1   paramiko.transport: kex algos: curve25519-sha256, curve25519-sha256@libssh.org, diffie-hellman-group14-sha256, diffie-hellman-group14-sha1, kexguess2@matt.ucc.asn.au
DEB [20230708-11:05:20.460] thr=1   paramiko.transport: server key: ssh-rsa
DEB [20230708-11:05:20.461] thr=1   paramiko.transport: client encrypt: aes128-ctr, aes256-ctr
DEB [20230708-11:05:20.461] thr=1   paramiko.transport: server encrypt: aes128-ctr, aes256-ctr
DEB [20230708-11:05:20.461] thr=1   paramiko.transport: client mac: hmac-sha1, hmac-sha2-256
DEB [20230708-11:05:20.462] thr=1   paramiko.transport: server mac: hmac-sha1, hmac-sha2-256
DEB [20230708-11:05:20.462] thr=1   paramiko.transport: client compress: none
DEB [20230708-11:05:20.462] thr=1   paramiko.transport: server compress: none
DEB [20230708-11:05:20.462] thr=1   paramiko.transport: client lang: <none>
DEB [20230708-11:05:20.462] thr=1   paramiko.transport: server lang: <none>
DEB [20230708-11:05:20.462] thr=1   paramiko.transport: kex follows: False
DEB [20230708-11:05:20.463] thr=1   paramiko.transport: === Key exchange agreements ===
DEB [20230708-11:05:20.463] thr=1   paramiko.transport: Kex: curve25519-sha256@libssh.org
DEB [20230708-11:05:20.464] thr=1   paramiko.transport: HostKey: ssh-rsa
DEB [20230708-11:05:20.465] thr=1   paramiko.transport: Cipher: aes128-ctr
DEB [20230708-11:05:20.465] thr=1   paramiko.transport: MAC: hmac-sha2-256
DEB [20230708-11:05:20.465] thr=1   paramiko.transport: Compression: none
DEB [20230708-11:05:20.465] thr=1   paramiko.transport: === End of kex handshake ===
DEB [20230708-11:05:20.504] thr=1   paramiko.transport: kex engine KexCurve25519 specified hash_algo <built-in function openssl_sha256>
DEB [20230708-11:05:20.505] thr=1   paramiko.transport: Switch to new keys ...
DEB [20230708-11:05:20.507] thr=2   paramiko.transport: Adding ssh-rsa host key for 192.168.31.15: b'56e5ced05105f5fe70b01156555c4b72'
DEB [20230708-11:05:20.570] thr=1   paramiko.transport: userauth is OK
INF [20230708-11:05:20.575] thr=1   paramiko.transport: Authentication (password) successful!
DEB [20230708-11:05:20.577] thr=2   paramiko.transport: [chan 0] Max packet in: 32768 bytes
DEB [20230708-11:05:20.580] thr=1   paramiko.transport: [chan 0] Max packet out: 32759 bytes
DEB [20230708-11:05:20.581] thr=1   paramiko.transport: Secsh channel 0 opened.
DEB [20230708-11:05:20.586] thr=1   paramiko.transport: [chan 0] Sesch channel 0 request ok
DEB [20230708-11:05:20.593] thr=1   paramiko.transport: [chan 0] EOF received (0)
DEB [20230708-11:05:20.594] thr=1   paramiko.transport: [chan 0] EOF sent (0)
DEB [20230708-11:05:20.601] thr=1   paramiko.transport: EOF in transport thread
DEB [20230708-11:05:51.641] thr=1   paramiko.transport: starting thread (client mode): 0xc50d8e90
DEB [20230708-11:05:51.643] thr=1   paramiko.transport: Local version/idstring: SSH-2.0-paramiko_3.2.0
DEB [20230708-11:05:51.643] thr=1   paramiko.transport: Remote version/idstring: SSH-2.0-dropbear
INF [20230708-11:05:51.643] thr=1   paramiko.transport: Connected (version 2.0, client dropbear)
DEB [20230708-11:05:51.645] thr=1   paramiko.transport: === Key exchange possibilities ===
DEB [20230708-11:05:51.645] thr=1   paramiko.transport: kex algos: curve25519-sha256, curve25519-sha256@libssh.org, diffie-hellman-group14-sha256, diffie-hellman-group14-sha1, kexguess2@matt.ucc.asn.au
DEB [20230708-11:05:51.645] thr=1   paramiko.transport: server key: ssh-rsa
DEB [20230708-11:05:51.646] thr=1   paramiko.transport: client encrypt: aes128-ctr, aes256-ctr
DEB [20230708-11:05:51.646] thr=1   paramiko.transport: server encrypt: aes128-ctr, aes256-ctr
DEB [20230708-11:05:51.646] thr=1   paramiko.transport: client mac: hmac-sha1, hmac-sha2-256
DEB [20230708-11:05:51.646] thr=1   paramiko.transport: server mac: hmac-sha1, hmac-sha2-256
DEB [20230708-11:05:51.646] thr=1   paramiko.transport: client compress: none
DEB [20230708-11:05:51.647] thr=1   paramiko.transport: server compress: none
DEB [20230708-11:05:51.647] thr=1   paramiko.transport: client lang: <none>
DEB [20230708-11:05:51.647] thr=1   paramiko.transport: server lang: <none>
DEB [20230708-11:05:51.647] thr=1   paramiko.transport: kex follows: False
DEB [20230708-11:05:51.647] thr=1   paramiko.transport: === Key exchange agreements ===
DEB [20230708-11:05:51.647] thr=1   paramiko.transport: Kex: curve25519-sha256@libssh.org
DEB [20230708-11:05:51.648] thr=1   paramiko.transport: HostKey: ssh-rsa
DEB [20230708-11:05:51.648] thr=1   paramiko.transport: Cipher: aes128-ctr
DEB [20230708-11:05:51.648] thr=1   paramiko.transport: MAC: hmac-sha2-256
DEB [20230708-11:05:51.648] thr=1   paramiko.transport: Compression: none
DEB [20230708-11:05:51.649] thr=1   paramiko.transport: === End of kex handshake ===
DEB [20230708-11:05:51.688] thr=1   paramiko.transport: kex engine KexCurve25519 specified hash_algo <built-in function openssl_sha256>
DEB [20230708-11:05:51.688] thr=1   paramiko.transport: Switch to new keys ...
DEB [20230708-11:05:51.689] thr=2   paramiko.transport: Adding ssh-rsa host key for 192.168.31.15: b'56e5ced05105f5fe70b01156555c4b72'
DEB [20230708-11:05:51.748] thr=1   paramiko.transport: userauth is OK
INF [20230708-11:05:51.752] thr=1   paramiko.transport: Authentication (password) successful!
DEB [20230708-11:05:51.753] thr=2   paramiko.transport: [chan 0] Max packet in: 32768 bytes
DEB [20230708-11:05:51.756] thr=1   paramiko.transport: [chan 0] Max packet out: 32759 bytes
DEB [20230708-11:05:51.756] thr=1   paramiko.transport: Secsh channel 0 opened.
DEB [20230708-11:05:51.760] thr=1   paramiko.transport: [chan 0] Sesch channel 0 request ok
DEB [20230708-11:05:51.763] thr=1   paramiko.transport: [chan 0] EOF received (0)
DEB [20230708-11:05:51.764] thr=1   paramiko.transport: [chan 0] EOF sent (0)
DEB [20230708-11:05:51.767] thr=1   paramiko.transport: EOF in transport thread
DEB [20230708-11:07:20.967] thr=1   paramiko.transport: starting thread (client mode): 0xab398e90
DEB [20230708-11:07:20.968] thr=1   paramiko.transport: Local version/idstring: SSH-2.0-paramiko_3.2.0
DEB [20230708-11:07:20.969] thr=1   paramiko.transport: Remote version/idstring: SSH-2.0-dropbear
INF [20230708-11:07:20.969] thr=1   paramiko.transport: Connected (version 2.0, client dropbear)
DEB [20230708-11:07:20.971] thr=1   paramiko.transport: === Key exchange possibilities ===
DEB [20230708-11:07:20.971] thr=1   paramiko.transport: kex algos: curve25519-sha256, curve25519-sha256@libssh.org, diffie-hellman-group14-sha256, diffie-hellman-group14-sha1, kexguess2@matt.ucc.asn.au
DEB [20230708-11:07:20.971] thr=1   paramiko.transport: server key: ssh-rsa
DEB [20230708-11:07:20.971] thr=1   paramiko.transport: client encrypt: aes128-ctr, aes256-ctr
DEB [20230708-11:07:20.972] thr=1   paramiko.transport: server encrypt: aes128-ctr, aes256-ctr
DEB [20230708-11:07:20.972] thr=1   paramiko.transport: client mac: hmac-sha1, hmac-sha2-256
DEB [20230708-11:07:20.972] thr=1   paramiko.transport: server mac: hmac-sha1, hmac-sha2-256
DEB [20230708-11:07:20.972] thr=1   paramiko.transport: client compress: none
DEB [20230708-11:07:20.972] thr=1   paramiko.transport: server compress: none
DEB [20230708-11:07:20.973] thr=1   paramiko.transport: client lang: <none>
DEB [20230708-11:07:20.973] thr=1   paramiko.transport: server lang: <none>
DEB [20230708-11:07:20.973] thr=1   paramiko.transport: kex follows: False
DEB [20230708-11:07:20.973] thr=1   paramiko.transport: === Key exchange agreements ===
DEB [20230708-11:07:20.974] thr=1   paramiko.transport: Kex: curve25519-sha256@libssh.org
DEB [20230708-11:07:20.974] thr=1   paramiko.transport: HostKey: ssh-rsa
DEB [20230708-11:07:20.975] thr=1   paramiko.transport: Cipher: aes128-ctr
DEB [20230708-11:07:20.975] thr=1   paramiko.transport: MAC: hmac-sha2-256
DEB [20230708-11:07:20.976] thr=1   paramiko.transport: Compression: none
DEB [20230708-11:07:20.976] thr=1   paramiko.transport: === End of kex handshake ===
DEB [20230708-11:07:21.017] thr=1   paramiko.transport: kex engine KexCurve25519 specified hash_algo <built-in function openssl_sha256>
DEB [20230708-11:07:21.017] thr=1   paramiko.transport: Switch to new keys ...
DEB [20230708-11:07:21.018] thr=2   paramiko.transport: Adding ssh-rsa host key for 192.168.31.15: b'56e5ced05105f5fe70b01156555c4b72'
DEB [20230708-11:07:21.062] thr=1   paramiko.transport: userauth is OK
INF [20230708-11:07:21.066] thr=1   paramiko.transport: Authentication (password) successful!
DEB [20230708-11:07:21.067] thr=2   paramiko.transport: [chan 0] Max packet in: 32768 bytes
DEB [20230708-11:07:21.069] thr=1   paramiko.transport: [chan 0] Max packet out: 32759 bytes
DEB [20230708-11:07:21.070] thr=1   paramiko.transport: Secsh channel 0 opened.
DEB [20230708-11:07:21.073] thr=1   paramiko.transport: [chan 0] Sesch channel 0 request ok
DEB [20230708-11:07:21.078] thr=1   paramiko.transport: [chan 0] EOF received (0)
DEB [20230708-11:07:21.079] thr=1   paramiko.transport: [chan 0] EOF sent (0)
DEB [20230708-11:07:21.091] thr=1   paramiko.transport: EOF in transport thread
DEB [20230708-11:08:06.821] thr=1   paramiko.transport: starting thread (client mode): 0xde658e90
DEB [20230708-11:08:06.823] thr=1   paramiko.transport: Local version/idstring: SSH-2.0-paramiko_3.2.0
DEB [20230708-11:08:06.823] thr=1   paramiko.transport: Remote version/idstring: SSH-2.0-dropbear
INF [20230708-11:08:06.823] thr=1   paramiko.transport: Connected (version 2.0, client dropbear)
DEB [20230708-11:08:06.824] thr=1   paramiko.transport: === Key exchange possibilities ===
DEB [20230708-11:08:06.824] thr=1   paramiko.transport: kex algos: curve25519-sha256, curve25519-sha256@libssh.org, diffie-hellman-group14-sha256, diffie-hellman-group14-sha1, kexguess2@matt.ucc.asn.au
DEB [20230708-11:08:06.824] thr=1   paramiko.transport: server key: ssh-rsa
DEB [20230708-11:08:06.824] thr=1   paramiko.transport: client encrypt: aes128-ctr, aes256-ctr
DEB [20230708-11:08:06.824] thr=1   paramiko.transport: server encrypt: aes128-ctr, aes256-ctr
DEB [20230708-11:08:06.824] thr=1   paramiko.transport: client mac: hmac-sha1, hmac-sha2-256
DEB [20230708-11:08:06.824] thr=1   paramiko.transport: server mac: hmac-sha1, hmac-sha2-256
DEB [20230708-11:08:06.824] thr=1   paramiko.transport: client compress: none
DEB [20230708-11:08:06.824] thr=1   paramiko.transport: server compress: none
DEB [20230708-11:08:06.824] thr=1   paramiko.transport: client lang: <none>
DEB [20230708-11:08:06.824] thr=1   paramiko.transport: server lang: <none>
DEB [20230708-11:08:06.824] thr=1   paramiko.transport: kex follows: False
DEB [20230708-11:08:06.825] thr=1   paramiko.transport: === Key exchange agreements ===
DEB [20230708-11:08:06.825] thr=1   paramiko.transport: Kex: curve25519-sha256@libssh.org
DEB [20230708-11:08:06.825] thr=1   paramiko.transport: HostKey: ssh-rsa
DEB [20230708-11:08:06.825] thr=1   paramiko.transport: Cipher: aes128-ctr
DEB [20230708-11:08:06.825] thr=1   paramiko.transport: MAC: hmac-sha2-256
DEB [20230708-11:08:06.825] thr=1   paramiko.transport: Compression: none
DEB [20230708-11:08:06.825] thr=1   paramiko.transport: === End of kex handshake ===
DEB [20230708-11:08:06.842] thr=1   paramiko.transport: kex engine KexCurve25519 specified hash_algo <built-in function openssl_sha256>
DEB [20230708-11:08:06.842] thr=1   paramiko.transport: Switch to new keys ...
DEB [20230708-11:08:06.844] thr=2   paramiko.transport: Adding ssh-rsa host key for 192.168.31.15: b'56e5ced05105f5fe70b01156555c4b72'
DEB [20230708-11:08:06.904] thr=1   paramiko.transport: userauth is OK
INF [20230708-11:08:06.907] thr=1   paramiko.transport: Authentication (password) successful!
DEB [20230708-11:08:06.908] thr=2   paramiko.transport: [chan 0] Max packet in: 32768 bytes
DEB [20230708-11:08:06.908] thr=1   paramiko.transport: [chan 0] Max packet out: 32759 bytes
DEB [20230708-11:08:06.908] thr=1   paramiko.transport: Secsh channel 0 opened.
DEB [20230708-11:08:06.910] thr=1   paramiko.transport: [chan 0] Sesch channel 0 request ok
DEB [20230708-11:08:06.912] thr=1   paramiko.transport: [chan 0] EOF received (0)
DEB [20230708-11:08:06.912] thr=1   paramiko.transport: [chan 0] EOF sent (0)
DEB [20230708-11:08:06.917] thr=1   paramiko.transport: EOF in transport thread
DEB [20230708-11:08:35.631] thr=1   paramiko.transport: starting thread (client mode): 0xe4c68e90
DEB [20230708-11:08:35.633] thr=1   paramiko.transport: Local version/idstring: SSH-2.0-paramiko_3.2.0
DEB [20230708-11:08:35.634] thr=1   paramiko.transport: Remote version/idstring: SSH-2.0-dropbear
INF [20230708-11:08:35.635] thr=1   paramiko.transport: Connected (version 2.0, client dropbear)
DEB [20230708-11:08:35.636] thr=1   paramiko.transport: === Key exchange possibilities ===
DEB [20230708-11:08:35.637] thr=1   paramiko.transport: kex algos: curve25519-sha256, curve25519-sha256@libssh.org, diffie-hellman-group14-sha256, diffie-hellman-group14-sha1, kexguess2@matt.ucc.asn.au
DEB [20230708-11:08:35.637] thr=1   paramiko.transport: server key: ssh-rsa
DEB [20230708-11:08:35.637] thr=1   paramiko.transport: client encrypt: aes128-ctr, aes256-ctr
DEB [20230708-11:08:35.638] thr=1   paramiko.transport: server encrypt: aes128-ctr, aes256-ctr
DEB [20230708-11:08:35.638] thr=1   paramiko.transport: client mac: hmac-sha1, hmac-sha2-256
DEB [20230708-11:08:35.638] thr=1   paramiko.transport: server mac: hmac-sha1, hmac-sha2-256
DEB [20230708-11:08:35.638] thr=1   paramiko.transport: client compress: none
DEB [20230708-11:08:35.638] thr=1   paramiko.transport: server compress: none
DEB [20230708-11:08:35.639] thr=1   paramiko.transport: client lang: <none>
DEB [20230708-11:08:35.639] thr=1   paramiko.transport: server lang: <none>
DEB [20230708-11:08:35.639] thr=1   paramiko.transport: kex follows: False
DEB [20230708-11:08:35.639] thr=1   paramiko.transport: === Key exchange agreements ===
DEB [20230708-11:08:35.639] thr=1   paramiko.transport: Kex: curve25519-sha256@libssh.org
DEB [20230708-11:08:35.640] thr=1   paramiko.transport: HostKey: ssh-rsa
DEB [20230708-11:08:35.640] thr=1   paramiko.transport: Cipher: aes128-ctr
DEB [20230708-11:08:35.641] thr=1   paramiko.transport: MAC: hmac-sha2-256
DEB [20230708-11:08:35.641] thr=1   paramiko.transport: Compression: none
DEB [20230708-11:08:35.641] thr=1   paramiko.transport: === End of kex handshake ===
DEB [20230708-11:08:35.690] thr=1   paramiko.transport: kex engine KexCurve25519 specified hash_algo <built-in function openssl_sha256>
DEB [20230708-11:08:35.691] thr=1   paramiko.transport: Switch to new keys ...
DEB [20230708-11:08:35.693] thr=2   paramiko.transport: Adding ssh-rsa host key for 192.168.31.15: b'56e5ced05105f5fe70b01156555c4b72'
DEB [20230708-11:08:35.734] thr=1   paramiko.transport: userauth is OK
INF [20230708-11:08:35.739] thr=1   paramiko.transport: Authentication (password) successful!
DEB [20230708-11:08:35.740] thr=2   paramiko.transport: [chan 0] Max packet in: 32768 bytes
DEB [20230708-11:08:35.742] thr=1   paramiko.transport: [chan 0] Max packet out: 32759 bytes
DEB [20230708-11:08:35.742] thr=1   paramiko.transport: Secsh channel 0 opened.
DEB [20230708-11:08:35.745] thr=1   paramiko.transport: [chan 0] Sesch channel 0 request ok
DEB [20230708-11:08:35.752] thr=1   paramiko.transport: [chan 0] EOF received (0)
DEB [20230708-11:08:35.752] thr=1   paramiko.transport: [chan 0] EOF sent (0)
DEB [20230708-11:08:35.757] thr=1   paramiko.transport: EOF in transport thread
DEB [20230708-11:09:09.394] thr=1   paramiko.transport: starting thread (client mode): 0xd4652750
DEB [20230708-11:09:09.395] thr=1   paramiko.transport: Local version/idstring: SSH-2.0-paramiko_3.2.0
DEB [20230708-11:09:09.396] thr=1   paramiko.transport: Remote version/idstring: SSH-2.0-dropbear
INF [20230708-11:09:09.396] thr=1   paramiko.transport: Connected (version 2.0, client dropbear)
DEB [20230708-11:09:09.398] thr=1   paramiko.transport: === Key exchange possibilities ===
DEB [20230708-11:09:09.399] thr=1   paramiko.transport: kex algos: curve25519-sha256, curve25519-sha256@libssh.org, diffie-hellman-group14-sha256, diffie-hellman-group14-sha1, kexguess2@matt.ucc.asn.au
DEB [20230708-11:09:09.399] thr=1   paramiko.transport: server key: ssh-rsa
DEB [20230708-11:09:09.399] thr=1   paramiko.transport: client encrypt: aes128-ctr, aes256-ctr
DEB [20230708-11:09:09.400] thr=1   paramiko.transport: server encrypt: aes128-ctr, aes256-ctr
DEB [20230708-11:09:09.400] thr=1   paramiko.transport: client mac: hmac-sha1, hmac-sha2-256
DEB [20230708-11:09:09.400] thr=1   paramiko.transport: server mac: hmac-sha1, hmac-sha2-256
DEB [20230708-11:09:09.400] thr=1   paramiko.transport: client compress: none
DEB [20230708-11:09:09.401] thr=1   paramiko.transport: server compress: none
DEB [20230708-11:09:09.401] thr=1   paramiko.transport: client lang: <none>
DEB [20230708-11:09:09.401] thr=1   paramiko.transport: server lang: <none>
DEB [20230708-11:09:09.401] thr=1   paramiko.transport: kex follows: False
DEB [20230708-11:09:09.401] thr=1   paramiko.transport: === Key exchange agreements ===
DEB [20230708-11:09:09.401] thr=1   paramiko.transport: Kex: curve25519-sha256@libssh.org
DEB [20230708-11:09:09.401] thr=1   paramiko.transport: HostKey: ssh-rsa
DEB [20230708-11:09:09.401] thr=1   paramiko.transport: Cipher: aes128-ctr
DEB [20230708-11:09:09.403] thr=1   paramiko.transport: MAC: hmac-sha2-256
DEB [20230708-11:09:09.403] thr=1   paramiko.transport: Compression: none
DEB [20230708-11:09:09.403] thr=1   paramiko.transport: === End of kex handshake ===
DEB [20230708-11:09:09.453] thr=1   paramiko.transport: kex engine KexCurve25519 specified hash_algo <built-in function openssl_sha256>
DEB [20230708-11:09:09.455] thr=1   paramiko.transport: Switch to new keys ...
DEB [20230708-11:09:09.456] thr=2   paramiko.transport: Adding ssh-rsa host key for 192.168.31.15: b'56e5ced05105f5fe70b01156555c4b72'
DEB [20230708-11:09:09.501] thr=1   paramiko.transport: userauth is OK
INF [20230708-11:09:09.506] thr=1   paramiko.transport: Authentication (password) successful!
DEB [20230708-11:09:09.508] thr=2   paramiko.transport: [chan 0] Max packet in: 32768 bytes
DEB [20230708-11:09:09.512] thr=1   paramiko.transport: [chan 0] Max packet out: 32759 bytes
DEB [20230708-11:09:09.513] thr=1   paramiko.transport: Secsh channel 0 opened.
DEB [20230708-11:09:09.516] thr=1   paramiko.transport: [chan 0] Sesch channel 0 request ok
DEB [20230708-11:09:09.537] thr=1   paramiko.transport: [chan 0] EOF received (0)
DEB [20230708-11:09:09.538] thr=1   paramiko.transport: [chan 0] EOF sent (0)
DEB [20230708-11:09:09.542] thr=1   paramiko.transport: EOF in transport thread
DEB [20230708-11:10:36.216] thr=1   paramiko.transport: starting thread (client mode): 0x7a2f8e90
DEB [20230708-11:10:36.217] thr=1   paramiko.transport: Local version/idstring: SSH-2.0-paramiko_3.2.0
DEB [20230708-11:10:36.219] thr=1   paramiko.transport: Remote version/idstring: SSH-2.0-dropbear
INF [20230708-11:10:36.219] thr=1   paramiko.transport: Connected (version 2.0, client dropbear)
DEB [20230708-11:10:36.220] thr=1   paramiko.transport: === Key exchange possibilities ===
DEB [20230708-11:10:36.221] thr=1   paramiko.transport: kex algos: curve25519-sha256, curve25519-sha256@libssh.org, diffie-hellman-group14-sha256, diffie-hellman-group14-sha1, kexguess2@matt.ucc.asn.au
DEB [20230708-11:10:36.221] thr=1   paramiko.transport: server key: ssh-rsa
DEB [20230708-11:10:36.221] thr=1   paramiko.transport: client encrypt: aes128-ctr, aes256-ctr
DEB [20230708-11:10:36.222] thr=1   paramiko.transport: server encrypt: aes128-ctr, aes256-ctr
DEB [20230708-11:10:36.222] thr=1   paramiko.transport: client mac: hmac-sha1, hmac-sha2-256
DEB [20230708-11:10:36.222] thr=1   paramiko.transport: server mac: hmac-sha1, hmac-sha2-256
DEB [20230708-11:10:36.222] thr=1   paramiko.transport: client compress: none
DEB [20230708-11:10:36.223] thr=1   paramiko.transport: server compress: none
DEB [20230708-11:10:36.223] thr=1   paramiko.transport: client lang: <none>
DEB [20230708-11:10:36.223] thr=1   paramiko.transport: server lang: <none>
DEB [20230708-11:10:36.223] thr=1   paramiko.transport: kex follows: False
DEB [20230708-11:10:36.223] thr=1   paramiko.transport: === Key exchange agreements ===
DEB [20230708-11:10:36.224] thr=1   paramiko.transport: Kex: curve25519-sha256@libssh.org
DEB [20230708-11:10:36.224] thr=1   paramiko.transport: HostKey: ssh-rsa
DEB [20230708-11:10:36.225] thr=1   paramiko.transport: Cipher: aes128-ctr
DEB [20230708-11:10:36.225] thr=1   paramiko.transport: MAC: hmac-sha2-256
DEB [20230708-11:10:36.225] thr=1   paramiko.transport: Compression: none
DEB [20230708-11:10:36.226] thr=1   paramiko.transport: === End of kex handshake ===
DEB [20230708-11:10:36.273] thr=1   paramiko.transport: kex engine KexCurve25519 specified hash_algo <built-in function openssl_sha256>
DEB [20230708-11:10:36.274] thr=1   paramiko.transport: Switch to new keys ...
DEB [20230708-11:10:36.276] thr=2   paramiko.transport: Adding ssh-rsa host key for 192.168.31.15: b'56e5ced05105f5fe70b01156555c4b72'
DEB [20230708-11:10:36.330] thr=1   paramiko.transport: userauth is OK
INF [20230708-11:10:36.348] thr=1   paramiko.transport: Authentication (password) successful!
DEB [20230708-11:10:36.350] thr=2   paramiko.transport: [chan 0] Max packet in: 32768 bytes
DEB [20230708-11:10:36.352] thr=1   paramiko.transport: [chan 0] Max packet out: 32759 bytes
DEB [20230708-11:10:36.352] thr=1   paramiko.transport: Secsh channel 0 opened.
DEB [20230708-11:10:36.358] thr=1   paramiko.transport: [chan 0] Sesch channel 0 request ok
DEB [20230708-11:10:36.381] thr=1   paramiko.transport: [chan 0] EOF received (0)
DEB [20230708-11:10:36.382] thr=1   paramiko.transport: [chan 0] EOF sent (0)
DEB [20230708-11:10:36.385] thr=1   paramiko.transport: EOF in transport thread
DEB [20230708-11:12:41.231] thr=1   paramiko.transport: starting thread (client mode): 0xbc868e90
DEB [20230708-11:12:41.231] thr=1   paramiko.transport: Local version/idstring: SSH-2.0-paramiko_3.2.0
DEB [20230708-11:12:41.232] thr=1   paramiko.transport: Remote version/idstring: SSH-2.0-dropbear
INF [20230708-11:12:41.232] thr=1   paramiko.transport: Connected (version 2.0, client dropbear)
DEB [20230708-11:12:41.233] thr=1   paramiko.transport: === Key exchange possibilities ===
DEB [20230708-11:12:41.233] thr=1   paramiko.transport: kex algos: curve25519-sha256, curve25519-sha256@libssh.org, diffie-hellman-group14-sha256, diffie-hellman-group14-sha1, kexguess2@matt.ucc.asn.au
DEB [20230708-11:12:41.233] thr=1   paramiko.transport: server key: ssh-rsa
DEB [20230708-11:12:41.233] thr=1   paramiko.transport: client encrypt: aes128-ctr, aes256-ctr
DEB [20230708-11:12:41.233] thr=1   paramiko.transport: server encrypt: aes128-ctr, aes256-ctr
DEB [20230708-11:12:41.234] thr=1   paramiko.transport: client mac: hmac-sha1, hmac-sha2-256
DEB [20230708-11:12:41.234] thr=1   paramiko.transport: server mac: hmac-sha1, hmac-sha2-256
DEB [20230708-11:12:41.234] thr=1   paramiko.transport: client compress: none
DEB [20230708-11:12:41.234] thr=1   paramiko.transport: server compress: none
DEB [20230708-11:12:41.234] thr=1   paramiko.transport: client lang: <none>
DEB [20230708-11:12:41.234] thr=1   paramiko.transport: server lang: <none>
DEB [20230708-11:12:41.234] thr=1   paramiko.transport: kex follows: False
DEB [20230708-11:12:41.234] thr=1   paramiko.transport: === Key exchange agreements ===
DEB [20230708-11:12:41.235] thr=1   paramiko.transport: Kex: curve25519-sha256@libssh.org
DEB [20230708-11:12:41.235] thr=1   paramiko.transport: HostKey: ssh-rsa
DEB [20230708-11:12:41.235] thr=1   paramiko.transport: Cipher: aes128-ctr
DEB [20230708-11:12:41.235] thr=1   paramiko.transport: MAC: hmac-sha2-256
DEB [20230708-11:12:41.235] thr=1   paramiko.transport: Compression: none
DEB [20230708-11:12:41.235] thr=1   paramiko.transport: === End of kex handshake ===
DEB [20230708-11:12:41.261] thr=1   paramiko.transport: kex engine KexCurve25519 specified hash_algo <built-in function openssl_sha256>
DEB [20230708-11:12:41.262] thr=1   paramiko.transport: Switch to new keys ...
DEB [20230708-11:12:41.262] thr=2   paramiko.transport: Adding ssh-rsa host key for 192.168.31.15: b'56e5ced05105f5fe70b01156555c4b72'
DEB [20230708-11:12:41.319] thr=1   paramiko.transport: userauth is OK
INF [20230708-11:12:41.326] thr=1   paramiko.transport: Authentication (password) successful!
DEB [20230708-11:12:41.327] thr=2   paramiko.transport: [chan 0] Max packet in: 32768 bytes
DEB [20230708-11:12:41.329] thr=1   paramiko.transport: [chan 0] Max packet out: 32759 bytes
DEB [20230708-11:12:41.330] thr=1   paramiko.transport: Secsh channel 0 opened.
DEB [20230708-11:12:41.332] thr=1   paramiko.transport: [chan 0] Sesch channel 0 request ok
DEB [20230708-11:12:41.335] thr=1   paramiko.transport: [chan 0] EOF received (0)
DEB [20230708-11:12:41.335] thr=1   paramiko.transport: [chan 0] EOF sent (0)
DEB [20230708-11:12:41.337] thr=1   paramiko.transport: EOF in transport thread
DEB [20230708-11:13:05.346] thr=1   paramiko.transport: starting thread (client mode): 0x2fc08e90
DEB [20230708-11:13:05.347] thr=1   paramiko.transport: Local version/idstring: SSH-2.0-paramiko_3.2.0
DEB [20230708-11:13:05.349] thr=1   paramiko.transport: Remote version/idstring: SSH-2.0-dropbear
INF [20230708-11:13:05.349] thr=1   paramiko.transport: Connected (version 2.0, client dropbear)
DEB [20230708-11:13:05.351] thr=1   paramiko.transport: === Key exchange possibilities ===
DEB [20230708-11:13:05.351] thr=1   paramiko.transport: kex algos: curve25519-sha256, curve25519-sha256@libssh.org, diffie-hellman-group14-sha256, diffie-hellman-group14-sha1, kexguess2@matt.ucc.asn.au
DEB [20230708-11:13:05.352] thr=1   paramiko.transport: server key: ssh-rsa
DEB [20230708-11:13:05.352] thr=1   paramiko.transport: client encrypt: aes128-ctr, aes256-ctr
DEB [20230708-11:13:05.352] thr=1   paramiko.transport: server encrypt: aes128-ctr, aes256-ctr
DEB [20230708-11:13:05.353] thr=1   paramiko.transport: client mac: hmac-sha1, hmac-sha2-256
DEB [20230708-11:13:05.353] thr=1   paramiko.transport: server mac: hmac-sha1, hmac-sha2-256
DEB [20230708-11:13:05.353] thr=1   paramiko.transport: client compress: none
DEB [20230708-11:13:05.353] thr=1   paramiko.transport: server compress: none
DEB [20230708-11:13:05.354] thr=1   paramiko.transport: client lang: <none>
DEB [20230708-11:13:05.354] thr=1   paramiko.transport: server lang: <none>
DEB [20230708-11:13:05.354] thr=1   paramiko.transport: kex follows: False
DEB [20230708-11:13:05.354] thr=1   paramiko.transport: === Key exchange agreements ===
DEB [20230708-11:13:05.355] thr=1   paramiko.transport: Kex: curve25519-sha256@libssh.org
DEB [20230708-11:13:05.355] thr=1   paramiko.transport: HostKey: ssh-rsa
DEB [20230708-11:13:05.355] thr=1   paramiko.transport: Cipher: aes128-ctr
DEB [20230708-11:13:05.355] thr=1   paramiko.transport: MAC: hmac-sha2-256
DEB [20230708-11:13:05.355] thr=1   paramiko.transport: Compression: none
DEB [20230708-11:13:05.356] thr=1   paramiko.transport: === End of kex handshake ===
DEB [20230708-11:13:05.393] thr=1   paramiko.transport: kex engine KexCurve25519 specified hash_algo <built-in function openssl_sha256>
DEB [20230708-11:13:05.393] thr=1   paramiko.transport: Switch to new keys ...
DEB [20230708-11:13:05.394] thr=2   paramiko.transport: Adding ssh-rsa host key for 192.168.31.15: b'56e5ced05105f5fe70b01156555c4b72'
DEB [20230708-11:13:05.440] thr=1   paramiko.transport: userauth is OK
INF [20230708-11:13:05.443] thr=1   paramiko.transport: Authentication (password) successful!
DEB [20230708-11:13:05.444] thr=2   paramiko.transport: [chan 0] Max packet in: 32768 bytes
DEB [20230708-11:13:05.447] thr=1   paramiko.transport: [chan 0] Max packet out: 32759 bytes
DEB [20230708-11:13:05.447] thr=1   paramiko.transport: Secsh channel 0 opened.
DEB [20230708-11:13:05.450] thr=1   paramiko.transport: [chan 0] Sesch channel 0 request ok
DEB [20230708-11:13:05.453] thr=1   paramiko.transport: [chan 0] EOF received (0)
DEB [20230708-11:13:05.453] thr=1   paramiko.transport: [chan 0] EOF sent (0)
DEB [20230708-11:13:05.458] thr=1   paramiko.transport: EOF in transport thread
DEB [20230708-11:35:41.468] thr=1   paramiko.transport: starting thread (client mode): 0x201b4450
DEB [20230708-11:35:41.469] thr=1   paramiko.transport: Local version/idstring: SSH-2.0-paramiko_3.2.0
DEB [20230708-11:35:41.469] thr=1   paramiko.transport: Remote version/idstring: SSH-2.0-dropbear
INF [20230708-11:35:41.469] thr=1   paramiko.transport: Connected (version 2.0, client dropbear)
DEB [20230708-11:35:41.470] thr=1   paramiko.transport: === Key exchange possibilities ===
DEB [20230708-11:35:41.470] thr=1   paramiko.transport: kex algos: curve25519-sha256, curve25519-sha256@libssh.org, diffie-hellman-group14-sha256, diffie-hellman-group14-sha1, kexguess2@matt.ucc.asn.au
DEB [20230708-11:35:41.471] thr=1   paramiko.transport: server key: ssh-rsa
DEB [20230708-11:35:41.471] thr=1   paramiko.transport: client encrypt: aes128-ctr, aes256-ctr
DEB [20230708-11:35:41.471] thr=1   paramiko.transport: server encrypt: aes128-ctr, aes256-ctr
DEB [20230708-11:35:41.471] thr=1   paramiko.transport: client mac: hmac-sha1, hmac-sha2-256
DEB [20230708-11:35:41.471] thr=1   paramiko.transport: server mac: hmac-sha1, hmac-sha2-256
DEB [20230708-11:35:41.471] thr=1   paramiko.transport: client compress: none
DEB [20230708-11:35:41.471] thr=1   paramiko.transport: server compress: none
DEB [20230708-11:35:41.472] thr=1   paramiko.transport: client lang: <none>
DEB [20230708-11:35:41.472] thr=1   paramiko.transport: server lang: <none>
DEB [20230708-11:35:41.472] thr=1   paramiko.transport: kex follows: False
DEB [20230708-11:35:41.472] thr=1   paramiko.transport: === Key exchange agreements ===
DEB [20230708-11:35:41.472] thr=1   paramiko.transport: Kex: curve25519-sha256@libssh.org
DEB [20230708-11:35:41.472] thr=1   paramiko.transport: HostKey: ssh-rsa
DEB [20230708-11:35:41.472] thr=1   paramiko.transport: Cipher: aes128-ctr
DEB [20230708-11:35:41.472] thr=1   paramiko.transport: MAC: hmac-sha2-256
DEB [20230708-11:35:41.472] thr=1   paramiko.transport: Compression: none
DEB [20230708-11:35:41.472] thr=1   paramiko.transport: === End of kex handshake ===
DEB [20230708-11:35:41.500] thr=1   paramiko.transport: kex engine KexCurve25519 specified hash_algo <built-in function openssl_sha256>
DEB [20230708-11:35:41.500] thr=1   paramiko.transport: Switch to new keys ...
DEB [20230708-11:35:41.501] thr=2   paramiko.transport: Adding ssh-rsa host key for 192.168.31.15: b'56e5ced05105f5fe70b01156555c4b72'
DEB [20230708-11:35:41.560] thr=1   paramiko.transport: userauth is OK
INF [20230708-11:35:41.588] thr=1   paramiko.transport: Authentication (password) successful!
DEB [20230708-11:35:41.599] thr=2   paramiko.transport: [chan 0] Max packet in: 32768 bytes
DEB [20230708-11:35:41.605] thr=1   paramiko.transport: [chan 0] Max packet out: 32759 bytes
DEB [20230708-11:35:41.605] thr=1   paramiko.transport: Secsh channel 0 opened.
DEB [20230708-11:35:41.611] thr=1   paramiko.transport: [chan 0] Sesch channel 0 request ok
DEB [20230708-11:35:41.615] thr=1   paramiko.transport: [chan 0] EOF received (0)
DEB [20230708-11:35:41.615] thr=1   paramiko.transport: [chan 0] EOF sent (0)
DEB [20230708-11:35:41.625] thr=1   paramiko.transport: EOF in transport thread
DEB [20230708-11:36:16.758] thr=1   paramiko.transport: starting thread (client mode): 0xb6fa2a90
DEB [20230708-11:36:16.760] thr=1   paramiko.transport: Local version/idstring: SSH-2.0-paramiko_3.2.0
DEB [20230708-11:36:16.762] thr=1   paramiko.transport: Remote version/idstring: SSH-2.0-dropbear
INF [20230708-11:36:16.763] thr=1   paramiko.transport: Connected (version 2.0, client dropbear)
DEB [20230708-11:36:16.765] thr=1   paramiko.transport: === Key exchange possibilities ===
DEB [20230708-11:36:16.765] thr=1   paramiko.transport: kex algos: curve25519-sha256, curve25519-sha256@libssh.org, diffie-hellman-group14-sha256, diffie-hellman-group14-sha1, kexguess2@matt.ucc.asn.au
DEB [20230708-11:36:16.765] thr=1   paramiko.transport: server key: ssh-rsa
DEB [20230708-11:36:16.766] thr=1   paramiko.transport: client encrypt: aes128-ctr, aes256-ctr
DEB [20230708-11:36:16.766] thr=1   paramiko.transport: server encrypt: aes128-ctr, aes256-ctr
DEB [20230708-11:36:16.767] thr=1   paramiko.transport: client mac: hmac-sha1, hmac-sha2-256
DEB [20230708-11:36:16.767] thr=1   paramiko.transport: server mac: hmac-sha1, hmac-sha2-256
DEB [20230708-11:36:16.767] thr=1   paramiko.transport: client compress: none
DEB [20230708-11:36:16.767] thr=1   paramiko.transport: server compress: none
DEB [20230708-11:36:16.768] thr=1   paramiko.transport: client lang: <none>
DEB [20230708-11:36:16.768] thr=1   paramiko.transport: server lang: <none>
DEB [20230708-11:36:16.768] thr=1   paramiko.transport: kex follows: False
DEB [20230708-11:36:16.768] thr=1   paramiko.transport: === Key exchange agreements ===
DEB [20230708-11:36:16.768] thr=1   paramiko.transport: Kex: curve25519-sha256@libssh.org
DEB [20230708-11:36:16.768] thr=1   paramiko.transport: HostKey: ssh-rsa
DEB [20230708-11:36:16.768] thr=1   paramiko.transport: Cipher: aes128-ctr
DEB [20230708-11:36:16.770] thr=1   paramiko.transport: MAC: hmac-sha2-256
DEB [20230708-11:36:16.770] thr=1   paramiko.transport: Compression: none
DEB [20230708-11:36:16.770] thr=1   paramiko.transport: === End of kex handshake ===
DEB [20230708-11:36:16.803] thr=1   paramiko.transport: kex engine KexCurve25519 specified hash_algo <built-in function openssl_sha256>
DEB [20230708-11:36:16.803] thr=1   paramiko.transport: Switch to new keys ...
DEB [20230708-11:36:16.804] thr=2   paramiko.transport: Adding ssh-rsa host key for 192.168.31.15: b'56e5ced05105f5fe70b01156555c4b72'
DEB [20230708-11:36:16.867] thr=1   paramiko.transport: userauth is OK
INF [20230708-11:36:16.871] thr=1   paramiko.transport: Authentication (password) successful!
DEB [20230708-11:36:16.872] thr=2   paramiko.transport: [chan 0] Max packet in: 32768 bytes
DEB [20230708-11:36:16.875] thr=1   paramiko.transport: [chan 0] Max packet out: 32759 bytes
DEB [20230708-11:36:16.876] thr=1   paramiko.transport: Secsh channel 0 opened.
DEB [20230708-11:36:16.878] thr=1   paramiko.transport: [chan 0] Sesch channel 0 request ok
DEB [20230708-11:36:16.881] thr=1   paramiko.transport: [chan 0] EOF received (0)
DEB [20230708-11:36:16.882] thr=1   paramiko.transport: [chan 0] EOF sent (0)
DEB [20230708-11:36:16.885] thr=1   paramiko.transport: EOF in transport thread
DEB [20230708-11:37:24.570] thr=1   paramiko.transport: starting thread (client mode): 0x934f4450
DEB [20230708-11:37:24.571] thr=1   paramiko.transport: Local version/idstring: SSH-2.0-paramiko_3.2.0
DEB [20230708-11:37:24.572] thr=1   paramiko.transport: Remote version/idstring: SSH-2.0-dropbear
INF [20230708-11:37:24.573] thr=1   paramiko.transport: Connected (version 2.0, client dropbear)
DEB [20230708-11:37:24.575] thr=1   paramiko.transport: === Key exchange possibilities ===
DEB [20230708-11:37:24.575] thr=1   paramiko.transport: kex algos: curve25519-sha256, curve25519-sha256@libssh.org, diffie-hellman-group14-sha256, diffie-hellman-group14-sha1, kexguess2@matt.ucc.asn.au
DEB [20230708-11:37:24.575] thr=1   paramiko.transport: server key: ssh-rsa
DEB [20230708-11:37:24.576] thr=1   paramiko.transport: client encrypt: aes128-ctr, aes256-ctr
DEB [20230708-11:37:24.576] thr=1   paramiko.transport: server encrypt: aes128-ctr, aes256-ctr
DEB [20230708-11:37:24.576] thr=1   paramiko.transport: client mac: hmac-sha1, hmac-sha2-256
DEB [20230708-11:37:24.576] thr=1   paramiko.transport: server mac: hmac-sha1, hmac-sha2-256
DEB [20230708-11:37:24.578] thr=1   paramiko.transport: client compress: none
DEB [20230708-11:37:24.578] thr=1   paramiko.transport: server compress: none
DEB [20230708-11:37:24.578] thr=1   paramiko.transport: client lang: <none>
DEB [20230708-11:37:24.579] thr=1   paramiko.transport: server lang: <none>
DEB [20230708-11:37:24.579] thr=1   paramiko.transport: kex follows: False
DEB [20230708-11:37:24.579] thr=1   paramiko.transport: === Key exchange agreements ===
DEB [20230708-11:37:24.580] thr=1   paramiko.transport: Kex: curve25519-sha256@libssh.org
DEB [20230708-11:37:24.580] thr=1   paramiko.transport: HostKey: ssh-rsa
DEB [20230708-11:37:24.580] thr=1   paramiko.transport: Cipher: aes128-ctr
DEB [20230708-11:37:24.581] thr=1   paramiko.transport: MAC: hmac-sha2-256
DEB [20230708-11:37:24.581] thr=1   paramiko.transport: Compression: none
DEB [20230708-11:37:24.581] thr=1   paramiko.transport: === End of kex handshake ===
DEB [20230708-11:37:24.624] thr=1   paramiko.transport: kex engine KexCurve25519 specified hash_algo <built-in function openssl_sha256>
DEB [20230708-11:37:24.625] thr=1   paramiko.transport: Switch to new keys ...
DEB [20230708-11:37:24.625] thr=2   paramiko.transport: Adding ssh-rsa host key for 192.168.31.15: b'56e5ced05105f5fe70b01156555c4b72'
DEB [20230708-11:37:24.683] thr=1   paramiko.transport: userauth is OK
INF [20230708-11:37:24.687] thr=1   paramiko.transport: Authentication (password) successful!
DEB [20230708-11:37:24.688] thr=2   paramiko.transport: [chan 0] Max packet in: 32768 bytes
DEB [20230708-11:37:24.692] thr=1   paramiko.transport: [chan 0] Max packet out: 32759 bytes
DEB [20230708-11:37:24.692] thr=1   paramiko.transport: Secsh channel 0 opened.
DEB [20230708-11:37:24.696] thr=1   paramiko.transport: [chan 0] Sesch channel 0 request ok
DEB [20230708-11:37:24.718] thr=1   paramiko.transport: [chan 0] EOF received (0)
DEB [20230708-11:37:24.719] thr=1   paramiko.transport: [chan 0] EOF sent (0)
DEB [20230708-11:37:24.723] thr=1   paramiko.transport: EOF in transport thread
DEB [20230708-11:38:47.436] thr=1   paramiko.transport: starting thread (client mode): 0xaa4b1f50
DEB [20230708-11:38:47.437] thr=1   paramiko.transport: Local version/idstring: SSH-2.0-paramiko_3.2.0
DEB [20230708-11:38:47.437] thr=1   paramiko.transport: Remote version/idstring: SSH-2.0-dropbear
INF [20230708-11:38:47.437] thr=1   paramiko.transport: Connected (version 2.0, client dropbear)
DEB [20230708-11:38:47.439] thr=1   paramiko.transport: === Key exchange possibilities ===
DEB [20230708-11:38:47.439] thr=1   paramiko.transport: kex algos: curve25519-sha256, curve25519-sha256@libssh.org, diffie-hellman-group14-sha256, diffie-hellman-group14-sha1, kexguess2@matt.ucc.asn.au
DEB [20230708-11:38:47.439] thr=1   paramiko.transport: server key: ssh-rsa
DEB [20230708-11:38:47.439] thr=1   paramiko.transport: client encrypt: aes128-ctr, aes256-ctr
DEB [20230708-11:38:47.440] thr=1   paramiko.transport: server encrypt: aes128-ctr, aes256-ctr
DEB [20230708-11:38:47.440] thr=1   paramiko.transport: client mac: hmac-sha1, hmac-sha2-256
DEB [20230708-11:38:47.440] thr=1   paramiko.transport: server mac: hmac-sha1, hmac-sha2-256
DEB [20230708-11:38:47.440] thr=1   paramiko.transport: client compress: none
DEB [20230708-11:38:47.440] thr=1   paramiko.transport: server compress: none
DEB [20230708-11:38:47.440] thr=1   paramiko.transport: client lang: <none>
DEB [20230708-11:38:47.440] thr=1   paramiko.transport: server lang: <none>
DEB [20230708-11:38:47.440] thr=1   paramiko.transport: kex follows: False
DEB [20230708-11:38:47.440] thr=1   paramiko.transport: === Key exchange agreements ===
DEB [20230708-11:38:47.440] thr=1   paramiko.transport: Kex: curve25519-sha256@libssh.org
DEB [20230708-11:38:47.440] thr=1   paramiko.transport: HostKey: ssh-rsa
DEB [20230708-11:38:47.441] thr=1   paramiko.transport: Cipher: aes128-ctr
DEB [20230708-11:38:47.441] thr=1   paramiko.transport: MAC: hmac-sha2-256
DEB [20230708-11:38:47.441] thr=1   paramiko.transport: Compression: none
DEB [20230708-11:38:47.441] thr=1   paramiko.transport: === End of kex handshake ===
DEB [20230708-11:38:47.477] thr=1   paramiko.transport: kex engine KexCurve25519 specified hash_algo <built-in function openssl_sha256>
DEB [20230708-11:38:47.478] thr=1   paramiko.transport: Switch to new keys ...
DEB [20230708-11:38:47.480] thr=2   paramiko.transport: Adding ssh-rsa host key for 192.168.31.15: b'56e5ced05105f5fe70b01156555c4b72'
DEB [20230708-11:38:47.535] thr=1   paramiko.transport: userauth is OK
INF [20230708-11:38:47.539] thr=1   paramiko.transport: Authentication (password) successful!
DEB [20230708-11:38:47.540] thr=2   paramiko.transport: [chan 0] Max packet in: 32768 bytes
DEB [20230708-11:38:47.544] thr=1   paramiko.transport: [chan 0] Max packet out: 32759 bytes
DEB [20230708-11:38:47.544] thr=1   paramiko.transport: Secsh channel 0 opened.
DEB [20230708-11:38:47.547] thr=1   paramiko.transport: [chan 0] Sesch channel 0 request ok
DEB [20230708-11:38:47.565] thr=1   paramiko.transport: [chan 0] EOF received (0)
DEB [20230708-11:38:47.567] thr=1   paramiko.transport: [chan 0] EOF sent (0)
DEB [20230708-11:38:47.570] thr=1   paramiko.transport: EOF in transport thread
DEB [20230708-12:35:59.584] thr=1   paramiko.transport: starting thread (client mode): 0x939e4450
DEB [20230708-12:35:59.584] thr=1   paramiko.transport: Local version/idstring: SSH-2.0-paramiko_3.2.0
DEB [20230708-12:35:59.585] thr=1   paramiko.transport: Remote version/idstring: SSH-2.0-dropbear
INF [20230708-12:35:59.585] thr=1   paramiko.transport: Connected (version 2.0, client dropbear)
DEB [20230708-12:35:59.586] thr=1   paramiko.transport: === Key exchange possibilities ===
DEB [20230708-12:35:59.586] thr=1   paramiko.transport: kex algos: curve25519-sha256, curve25519-sha256@libssh.org, diffie-hellman-group14-sha256, diffie-hellman-group14-sha1, kexguess2@matt.ucc.asn.au
DEB [20230708-12:35:59.587] thr=1   paramiko.transport: server key: ssh-rsa
DEB [20230708-12:35:59.587] thr=1   paramiko.transport: client encrypt: aes128-ctr, aes256-ctr
DEB [20230708-12:35:59.587] thr=1   paramiko.transport: server encrypt: aes128-ctr, aes256-ctr
DEB [20230708-12:35:59.587] thr=1   paramiko.transport: client mac: hmac-sha1, hmac-sha2-256
DEB [20230708-12:35:59.587] thr=1   paramiko.transport: server mac: hmac-sha1, hmac-sha2-256
DEB [20230708-12:35:59.587] thr=1   paramiko.transport: client compress: none
DEB [20230708-12:35:59.587] thr=1   paramiko.transport: server compress: none
DEB [20230708-12:35:59.587] thr=1   paramiko.transport: client lang: <none>
DEB [20230708-12:35:59.587] thr=1   paramiko.transport: server lang: <none>
DEB [20230708-12:35:59.587] thr=1   paramiko.transport: kex follows: False
DEB [20230708-12:35:59.588] thr=1   paramiko.transport: === Key exchange agreements ===
DEB [20230708-12:35:59.588] thr=1   paramiko.transport: Kex: curve25519-sha256@libssh.org
DEB [20230708-12:35:59.588] thr=1   paramiko.transport: HostKey: ssh-rsa
DEB [20230708-12:35:59.588] thr=1   paramiko.transport: Cipher: aes128-ctr
DEB [20230708-12:35:59.588] thr=1   paramiko.transport: MAC: hmac-sha2-256
DEB [20230708-12:35:59.588] thr=1   paramiko.transport: Compression: none
DEB [20230708-12:35:59.588] thr=1   paramiko.transport: === End of kex handshake ===
DEB [20230708-12:35:59.650] thr=1   paramiko.transport: kex engine KexCurve25519 specified hash_algo <built-in function openssl_sha256>
DEB [20230708-12:35:59.651] thr=1   paramiko.transport: Switch to new keys ...
DEB [20230708-12:35:59.651] thr=2   paramiko.transport: Adding ssh-rsa host key for 192.168.31.15: b'56e5ced05105f5fe70b01156555c4b72'
DEB [20230708-12:35:59.702] thr=1   paramiko.transport: userauth is OK
INF [20230708-12:35:59.716] thr=1   paramiko.transport: Authentication (password) successful!
DEB [20230708-12:35:59.717] thr=2   paramiko.transport: [chan 0] Max packet in: 32768 bytes
DEB [20230708-12:35:59.719] thr=1   paramiko.transport: [chan 0] Max packet out: 32759 bytes
DEB [20230708-12:35:59.719] thr=1   paramiko.transport: Secsh channel 0 opened.
DEB [20230708-12:35:59.722] thr=1   paramiko.transport: [chan 0] Sesch channel 0 request ok
DEB [20230708-12:35:59.742] thr=1   paramiko.transport: [chan 0] EOF received (0)
DEB [20230708-12:35:59.742] thr=1   paramiko.transport: [chan 0] EOF sent (0)
DEB [20230708-12:35:59.743] thr=1   paramiko.transport: EOF in transport thread
